The system is: Linux - 4.4.0-70-generic - x86_64
Compiling the C compiler identification source file "CMakeCCompilerId.c" succeeded.
Compiler: /usr/bin/cc 
Build flags: 
Id flags: 

The output was:
0


Compilation of the C compiler identification source "CMakeCCompilerId.c" produced "a.out"

The C compiler identification is GNU, found in "/home/d943/Dropbox/Master/catkin_ws/build/CMakeFiles/3.5.1/CompilerIdC/a.out"

Compiling the CXX compiler identification source file "CMakeCXXCompilerId.cpp" succeeded.
Compiler: /usr/bin/c++ 
Build flags: 
Id flags: 

The output was:
0


Compilation of the CXX compiler identification source "CMakeCXXCompilerId.cpp" produced "a.out"

The CXX compiler identification is GNU, found in "/home/d943/Dropbox/Master/catkin_ws/build/CMakeFiles/3.5.1/CompilerIdCXX/a.out"

Determining if the C compiler works passed with the following output:
Change Dir: /home/d943/Dropbox/Master/catkin_ws/build/CMakeFiles/CMakeTmp

Run Build Command:"/usr/bin/make" "cmTC_29af3/fast"
make[1]: Entering directory '/home/d943/Dropbox/Master/catkin_ws/build/CMakeFiles/CMakeTmp'
/usr/bin/make -f CMakeFiles/cmTC_29af3.dir/build.make CMakeFiles/cmTC_29af3.dir/build
make[2]: Entering directory '/home/d943/Dropbox/Master/catkin_ws/build/CMakeFiles/CMakeTmp'
Building C object CMakeFiles/cmTC_29af3.dir/testCCompiler.c.o
/usr/bin/cc     -o CMakeFiles/cmTC_29af3.dir/testCCompiler.c.o   -c /home/d943/Dropbox/Master/catkin_ws/build/CMakeFiles/CMakeTmp/testCCompiler.c
Linking C executable cmTC_29af3
/usr/bin/cmake -E cmake_link_script CMakeFiles/cmTC_29af3.dir/link.txt --verbose=1
/usr/bin/cc       CMakeFiles/cmTC_29af3.dir/testCCompiler.c.o  -o cmTC_29af3 -rdynamic 
make[2]: Leaving directory '/home/d943/Dropbox/Master/catkin_ws/build/CMakeFiles/CMakeTmp'
make[1]: Leaving directory '/home/d943/Dropbox/Master/catkin_ws/build/CMakeFiles/CMakeTmp'


Determining if the CXX compiler works passed with the following output:
Change Dir: /home/d943/Dropbox/Master/catkin_ws/build/CMakeFiles/CMakeTmp

Run Build Command:"/usr/bin/make" "cmTC_ba4f4/fast"
make[1]: Entering directory '/home/d943/Dropbox/Master/catkin_ws/build/CMakeFiles/CMakeTmp'
/usr/bin/make -f CMakeFiles/cmTC_ba4f4.dir/build.make CMakeFiles/cmTC_ba4f4.dir/build
make[2]: Entering directory '/home/d943/Dropbox/Master/catkin_ws/build/CMakeFiles/CMakeTmp'
Building CXX object CMakeFiles/cmTC_ba4f4.dir/testCXXCompiler.cxx.o
/usr/bin/c++      -o CMakeFiles/cmTC_ba4f4.dir/testCXXCompiler.cxx.o -c /home/d943/Dropbox/Master/catkin_ws/build/CMakeFiles/CMakeTmp/testCXXCompiler.cxx
Linking CXX executable cmTC_ba4f4
/usr/bin/cmake -E cmake_link_script CMakeFiles/cmTC_ba4f4.dir/link.txt --verbose=1
/usr/bin/c++        CMakeFiles/cmTC_ba4f4.dir/testCXXCompiler.cxx.o  -o cmTC_ba4f4 -rdynamic 
make[2]: Leaving directory '/home/d943/Dropbox/Master/catkin_ws/build/CMakeFiles/CMakeTmp'
make[1]: Leaving directory '/home/d943/Dropbox/Master/catkin_ws/build/CMakeFiles/CMakeTmp'


